--------------------------------------------------------------------------------
Started ETL Process: ............................. 19 09 2019 01:07 AM
--------------------------------------------------------------------------------
# of source files : .............................. 2
# of target tables : ............................. 2 



 1 . FILE:  sourcefile_csv.csv  -> TABLE: [Shared].[Client_sc_test]
     * Extract
         Max rows in source file.................. 3
     * Load
         Connected to DB.......................... ok
         # of records inserted to table........... 3
     * Archive
         Archive Path:  C:\Users\mparimi\Desktop\DEV Env\ETL\Archive\sourcefile_csv.csv-19Sep2019.csv
     * ETL status................................. success 


 2 . FILE:  sourcefile_csv2.csv  -> TABLE: [Shared].[Client_sc_test2]
     * Extract
         Max rows in source file.................. 5
     * Load
         Connected to DB.......................... ok
         # of records inserted to table........... 5
     * Archive
         Archive Path:  C:\Users\mparimi\Desktop\DEV Env\ETL\Archive\sourcefile_csv2.csv-19Sep2019.csv
     * ETL status................................. success 

--------------------------------------------------------------------------------
End of ETL Process................................ 19 Sep 2019 01:07 AM
--------------------------------------------------------------------------------

ETL success !

ETL stat success !
